<?xml version="1.0" encoding="UTF-8"?>
<!-- Generated by org.testng.reporters.JUnitReportReporter -->
<testsuite hostname="TG-36" failures="0" tests="1" name="scripts.MobileTest" time="24.895" errors="0" timestamp="2023-05-09T15:43:40 ICT" skipped="0">
  <testcase classname="scripts.MobileTest" name="loginUser" time="24.895"/>
  <system-out/>
</testsuite> <!-- scripts.MobileTest -->
