<?xml version="1.0" encoding="UTF-8"?>
<!-- Generated by org.testng.reporters.JUnitReportReporter -->
<testsuite hostname="TG-36" failures="0" tests="1" name="MobileTest" time="9.300" errors="0" timestamp="2023-04-27T14:30:17 ICT" skipped="0">
  <testcase classname="MobileTest" name="loginUser" time="9.300"/>
  <system-out/>
</testsuite> <!-- MobileTest -->
